<?xml version="1.0" encoding="UTF-8"?>
<!-- Generated by org.testng.reporters.JUnitXMLReporter -->
<testsuite ignored="0" hostname="Bharaths-MacBook-Pro.local" failures="0" tests="4" name="Login Tests" time="16.901" errors="0" timestamp="2025-06-27T14:05:13 IST">
  <testcase classname="testcases.TestCase07" name="testPostLoginValidDetails" time="4.574"/>
  <testcase classname="testcases.TestCase08" name="testPostLoginonlypassword" time="6.262"/>
  <testcase classname="testcases.TestCase09" name="testDeleteLogin" time="0.993"/>
  <testcase classname="testcases.TestCase10" name="testPostLoginInValidDetails" time="4.826"/>
</testsuite> <!-- Login Tests -->
