<?xml version="1.0" encoding="UTF-8"?>
<!-- Generated by org.testng.reporters.JUnitXMLReporter -->
<testsuite ignored="0" hostname="Bharaths-MacBook-Pro.local" failures="0" tests="3" name="User Tests" time="5.423" errors="0" timestamp="2025-06-27T14:05:02 IST">
  <testcase classname="testcases.TestCase11" name="testCreateUser" time="1.897"/>
  <testcase classname="testcases.TestCase13" name="testUpdateUser" time="1.286"/>
  <testcase classname="testcases.TestCase12" name="testDeleteUser" time="1.976"/>
</testsuite> <!-- User Tests -->
