<?xml version="1.0" encoding="UTF-8"?>
<!-- Generated by org.testng.reporters.JUnitXMLReporter -->
<testsuite ignored="0" hostname="Bharaths-MacBook-Pro.local" failures="0" tests="4" name="Login Tests" time="6.24" errors="0" timestamp="2025-06-27T14:08:11 IST">
  <testcase classname="testcases.TestCase07" name="testPostLoginValidDetails" time="2.441"/>
  <testcase classname="testcases.TestCase08" name="testPostLoginonlypassword" time="1.147"/>
  <testcase classname="testcases.TestCase09" name="testDeleteLogin" time="1.127"/>
  <testcase classname="testcases.TestCase10" name="testPostLoginInValidDetails" time="1.251"/>
</testsuite> <!-- Login Tests -->
