<?xml version="1.0" encoding="UTF-8"?>
<testng-results ignored="0" total="14" passed="14" failed="0" skipped="0">
  <reporter-output>
  </reporter-output>
  <suite started-at="2025-06-27T14:08:05 IST" name="API TestSuite" finished-at="2025-06-27T14:08:11 IST" duration-ms="6240">
    <groups>
    </groups>
    <test started-at="2025-06-27T14:08:05 IST" name="Search Tests" finished-at="2025-06-27T14:08:08 IST" duration-ms="3888">
      <class name="testcases.TestCase06">
        <test-method signature="testPostSearchproductWithoutParameter()[pri:0, instance:testcases.TestCase06@54422e18]" started-at="2025-06-27T14:08:07 IST" name="testPostSearchproductWithoutParameter" finished-at="2025-06-27T14:08:08 IST" duration-ms="1179" status="PASS">
          <reporter-output>
          </reporter-output>
        </test-method> <!-- testPostSearchproductWithoutParameter -->
        <test-method is-config="true" signature="setup()[pri:0, instance:testcases.TestCase06@54422e18]" started-at="2025-06-27T14:08:07 IST" name="setup" finished-at="2025-06-27T14:08:07 IST" duration-ms="0" status="PASS">
          <reporter-output>
          </reporter-output>
        </test-method> <!-- setup -->
      </class> <!-- testcases.TestCase06 -->
      <class name="testcases.TestCase05">
        <test-method is-config="true" signature="setup()[pri:0, instance:testcases.TestCase05@543295b0]" started-at="2025-06-27T14:08:05 IST" name="setup" finished-at="2025-06-27T14:08:05 IST" duration-ms="151" status="PASS">
          <reporter-output>
          </reporter-output>
        </test-method> <!-- setup -->
        <test-method signature="testPostSearchproduct()[pri:0, instance:testcases.TestCase05@543295b0]" started-at="2025-06-27T14:08:05 IST" name="testPostSearchproduct" finished-at="2025-06-27T14:08:07 IST" duration-ms="2441" status="PASS">
          <reporter-output>
          </reporter-output>
        </test-method> <!-- testPostSearchproduct -->
      </class> <!-- testcases.TestCase05 -->
    </test> <!-- Search Tests -->
    <test started-at="2025-06-27T14:08:05 IST" name="Prduct Tests" finished-at="2025-06-27T14:08:09 IST" duration-ms="4088">
      <class name="testcases.TestCase02">
        <test-method is-config="true" signature="setup()[pri:0, instance:testcases.TestCase02@18df8434]" started-at="2025-06-27T14:08:05 IST" name="setup" finished-at="2025-06-27T14:08:05 IST" duration-ms="151" status="PASS">
          <reporter-output>
          </reporter-output>
        </test-method> <!-- setup -->
        <test-method signature="testPostAllProducts()[pri:0, instance:testcases.TestCase02@18df8434]" started-at="2025-06-27T14:08:05 IST" name="testPostAllProducts" finished-at="2025-06-27T14:08:07 IST" duration-ms="2441" status="PASS">
          <reporter-output>
          </reporter-output>
        </test-method> <!-- testPostAllProducts -->
      </class> <!-- testcases.TestCase02 -->
      <class name="testcases.TestCase01">
        <test-method signature="testGetAllProducts()[pri:0, instance:testcases.TestCase01@1e0b4072]" started-at="2025-06-27T14:08:07 IST" name="testGetAllProducts" finished-at="2025-06-27T14:08:09 IST" duration-ms="1379" status="PASS">
          <reporter-output>
          </reporter-output>
        </test-method> <!-- testGetAllProducts -->
        <test-method is-config="true" signature="setup()[pri:0, instance:testcases.TestCase01@1e0b4072]" started-at="2025-06-27T14:08:07 IST" name="setup" finished-at="2025-06-27T14:08:07 IST" duration-ms="0" status="PASS">
          <reporter-output>
          </reporter-output>
        </test-method> <!-- setup -->
      </class> <!-- testcases.TestCase01 -->
    </test> <!-- Prduct Tests -->
    <test started-at="2025-06-27T14:08:05 IST" name="Brand Tests" finished-at="2025-06-27T14:08:08 IST" duration-ms="3858">
      <class name="testcases.TestCase04">
        <test-method is-config="true" signature="setup()[pri:0, instance:testcases.TestCase04@5d0bf09b]" started-at="2025-06-27T14:08:07 IST" name="setup" finished-at="2025-06-27T14:08:07 IST" duration-ms="0" status="PASS">
          <reporter-output>
          </reporter-output>
        </test-method> <!-- setup -->
        <test-method signature="testGetAllBarands()[pri:0, instance:testcases.TestCase04@5d0bf09b]" started-at="2025-06-27T14:08:07 IST" name="testGetAllBarands" finished-at="2025-06-27T14:08:08 IST" duration-ms="1147" status="PASS">
          <reporter-output>
          </reporter-output>
        </test-method> <!-- testGetAllBarands -->
      </class> <!-- testcases.TestCase04 -->
      <class name="testcases.TestCase03">
        <test-method is-config="true" signature="setup()[pri:0, instance:testcases.TestCase03@248e319b]" started-at="2025-06-27T14:08:05 IST" name="setup" finished-at="2025-06-27T14:08:05 IST" duration-ms="151" status="PASS">
          <reporter-output>
          </reporter-output>
        </test-method> <!-- setup -->
        <test-method signature="testGetAllBarands()[pri:0, instance:testcases.TestCase03@248e319b]" started-at="2025-06-27T14:08:05 IST" name="testGetAllBarands" finished-at="2025-06-27T14:08:07 IST" duration-ms="2441" status="PASS">
          <reporter-output>
          </reporter-output>
        </test-method> <!-- testGetAllBarands -->
      </class> <!-- testcases.TestCase03 -->
    </test> <!-- Brand Tests -->
    <test started-at="2025-06-27T14:08:05 IST" name="User Tests" finished-at="2025-06-27T14:08:10 IST" duration-ms="5449">
      <class name="testcases.TestCase13">
        <test-method is-config="true" signature="setup()[pri:0, instance:testcases.TestCase13@50a095cb]" started-at="2025-06-27T14:08:07 IST" name="setup" finished-at="2025-06-27T14:08:07 IST" duration-ms="0" status="PASS">
          <reporter-output>
          </reporter-output>
        </test-method> <!-- setup -->
        <test-method signature="testUpdateUser()[pri:0, instance:testcases.TestCase13@50a095cb]" started-at="2025-06-27T14:08:07 IST" name="testUpdateUser" finished-at="2025-06-27T14:08:09 IST" depends-on-methods="testcases.TestCase11.testCreateUser" duration-ms="1304" status="PASS">
          <reporter-output>
          </reporter-output>
        </test-method> <!-- testUpdateUser -->
      </class> <!-- testcases.TestCase13 -->
      <class name="testcases.TestCase12">
        <test-method is-config="true" signature="setup()[pri:0, instance:testcases.TestCase12@63d677f5]" started-at="2025-06-27T14:08:09 IST" name="setup" finished-at="2025-06-27T14:08:09 IST" duration-ms="1" status="PASS">
          <reporter-output>
          </reporter-output>
        </test-method> <!-- setup -->
        <test-method signature="testDeleteUser()[pri:0, instance:testcases.TestCase12@63d677f5]" started-at="2025-06-27T14:08:09 IST" name="testDeleteUser" finished-at="2025-06-27T14:08:10 IST" depends-on-methods="testcases.TestCase13.testUpdateUser" duration-ms="1432" status="PASS">
          <reporter-output>
          </reporter-output>
        </test-method> <!-- testDeleteUser -->
      </class> <!-- testcases.TestCase12 -->
      <class name="testcases.TestCase11">
        <test-method is-config="true" signature="setup()[pri:0, instance:testcases.TestCase11@52ba685a]" started-at="2025-06-27T14:08:05 IST" name="setup" finished-at="2025-06-27T14:08:05 IST" duration-ms="151" status="PASS">
          <reporter-output>
          </reporter-output>
        </test-method> <!-- setup -->
        <test-method signature="testCreateUser()[pri:0, instance:testcases.TestCase11@52ba685a]" started-at="2025-06-27T14:08:05 IST" name="testCreateUser" finished-at="2025-06-27T14:08:07 IST" duration-ms="2442" status="PASS">
          <reporter-output>
          </reporter-output>
        </test-method> <!-- testCreateUser -->
      </class> <!-- testcases.TestCase11 -->
    </test> <!-- User Tests -->
    <test started-at="2025-06-27T14:08:09 IST" name="UserDetails Tests" finished-at="2025-06-27T14:08:10 IST" duration-ms="1336">
      <class name="testcases.TestCase14">
        <test-method signature="testUserDetailsByEmail()[pri:0, instance:testcases.TestCase14@3673e211]" started-at="2025-06-27T14:08:09 IST" name="testUserDetailsByEmail" finished-at="2025-06-27T14:08:10 IST" duration-ms="1333" status="PASS">
          <reporter-output>
          </reporter-output>
        </test-method> <!-- testUserDetailsByEmail -->
        <test-method is-config="true" signature="setup()[pri:0, instance:testcases.TestCase14@3673e211]" started-at="2025-06-27T14:08:09 IST" name="setup" finished-at="2025-06-27T14:08:09 IST" duration-ms="0" status="PASS">
          <reporter-output>
          </reporter-output>
        </test-method> <!-- setup -->
      </class> <!-- testcases.TestCase14 -->
    </test> <!-- UserDetails Tests -->
    <test started-at="2025-06-27T14:08:05 IST" name="Login Tests" finished-at="2025-06-27T14:08:11 IST" duration-ms="6240">
      <class name="testcases.TestCase08">
        <test-method is-config="true" signature="setup()[pri:0, instance:testcases.TestCase08@58cbafc2]" started-at="2025-06-27T14:08:07 IST" name="setup" finished-at="2025-06-27T14:08:07 IST" duration-ms="0" status="PASS">
          <reporter-output>
          </reporter-output>
        </test-method> <!-- setup -->
        <test-method signature="testPostLoginonlypassword()[pri:0, instance:testcases.TestCase08@58cbafc2]" started-at="2025-06-27T14:08:07 IST" name="testPostLoginonlypassword" finished-at="2025-06-27T14:08:08 IST" duration-ms="1147" status="PASS">
          <reporter-output>
          </reporter-output>
        </test-method> <!-- testPostLoginonlypassword -->
      </class> <!-- testcases.TestCase08 -->
      <class name="testcases.TestCase07">
        <test-method is-config="true" signature="setup()[pri:0, instance:testcases.TestCase07@1ca3b418]" started-at="2025-06-27T14:08:05 IST" name="setup" finished-at="2025-06-27T14:08:05 IST" duration-ms="151" status="PASS">
          <reporter-output>
          </reporter-output>
        </test-method> <!-- setup -->
        <test-method signature="testPostLoginValidDetails()[pri:0, instance:testcases.TestCase07@1ca3b418]" started-at="2025-06-27T14:08:05 IST" name="testPostLoginValidDetails" finished-at="2025-06-27T14:08:07 IST" duration-ms="2441" status="PASS">
          <reporter-output>
          </reporter-output>
        </test-method> <!-- testPostLoginValidDetails -->
      </class> <!-- testcases.TestCase07 -->
      <class name="testcases.TestCase10">
        <test-method is-config="true" signature="setup()[pri:0, instance:testcases.TestCase10@75d3a5e0]" started-at="2025-06-27T14:08:10 IST" name="setup" finished-at="2025-06-27T14:08:10 IST" duration-ms="1" status="PASS">
          <reporter-output>
          </reporter-output>
        </test-method> <!-- setup -->
        <test-method signature="testPostLoginInValidDetails()[pri:0, instance:testcases.TestCase10@75d3a5e0]" started-at="2025-06-27T14:08:10 IST" name="testPostLoginInValidDetails" finished-at="2025-06-27T14:08:11 IST" duration-ms="1251" status="PASS">
          <reporter-output>
          </reporter-output>
        </test-method> <!-- testPostLoginInValidDetails -->
      </class> <!-- testcases.TestCase10 -->
      <class name="testcases.TestCase09">
        <test-method is-config="true" signature="setup()[pri:0, instance:testcases.TestCase09@2034b64c]" started-at="2025-06-27T14:08:08 IST" name="setup" finished-at="2025-06-27T14:08:08 IST" duration-ms="0" status="PASS">
          <reporter-output>
          </reporter-output>
        </test-method> <!-- setup -->
        <test-method signature="testDeleteLogin()[pri:0, instance:testcases.TestCase09@2034b64c]" started-at="2025-06-27T14:08:08 IST" name="testDeleteLogin" finished-at="2025-06-27T14:08:10 IST" duration-ms="1127" status="PASS">
          <reporter-output>
          </reporter-output>
        </test-method> <!-- testDeleteLogin -->
      </class> <!-- testcases.TestCase09 -->
    </test> <!-- Login Tests -->
  </suite> <!-- API TestSuite -->
</testng-results>
