<?xml version="1.0" encoding="UTF-8"?>
<testsuite xmlns:xsi="http://www.w3.org/2001/XMLSchema-instance" xsi:noNamespaceSchemaLocation="https://maven.apache.org/surefire/maven-surefire-plugin/xsd/surefire-test-report.xsd" version="3.0.2" name="TestSuite" time="6.714" tests="14" errors="0" skipped="0" failures="0">
  <properties>
[...]
</properties>
  <testcase name="testPostLoginValidDetails" classname="testcases.TestCase07" time="2.467">
    <system-out><![CDATA[<html>
  <body>{"responseCode": 405, "message": "This request method is not supported."}</body>
</html>
<html>
  <body>{"responseCode": 200, "message": "User exists!"}</body>
</html>
<html>
  <body>{"responseCode": 201, "message": "User created!"}</body>
</html>
<html>
  <body>{"responseCode": 200, "brands": [{"id": 1, "brand": "Polo"}, {"id": 2, "brand": "H&amp;M"}, {"id": 3, "brand": "Madame"}, {"id": 4, "brand": "Madame"}, {"id": 5, "brand": "Mast &amp; Harbour"}, {"id": 6, "brand": "H&amp;M"}, {"id": 7, "brand": "Madame"}, {"id": 8, "brand": "Polo"}, {"id": 11, "brand": "Babyhug"}, {"id": 12, "brand": "Babyhug"}, {"id": 13, "brand": "Allen Solly Junior"}, {"id": 14, "brand": "Kookie Kids"}, {"id": 15, "brand": "Babyhug"}, {"id": 16, "brand": "Babyhug"}, {"id": 18, "brand": "Kookie Kids"}, {"id": 19, "brand": "Allen Solly Junior"}, {"id": 20, "brand": "Kookie Kids"}, {"id": 21, "brand": "Biba"}, {"id": 22, "brand": "Biba"}, {"id": 23, "brand": "Biba"}, {"id": 24, "brand": "Allen Solly Junior"}, {"id": 28, "brand": "H&amp;M"}, {"id": 29, "brand": "Polo"}, {"id": 30, "brand": "Polo"}, {"id": 31, "brand": "H&amp;M"}, {"id": 33, "brand": "Polo"}, {"id": 35, "brand": "H&amp;M"}, {"id": 37, "brand": "Polo"}, {"id": 38, "brand": "Madame"}, {"id": 39, "brand": "Biba"}, {"id": 40, "brand": "Biba"}, {"id": 41, "brand": "Madame"}, {"id": 42, "brand": "Mast &amp; Harbour"}, {"id": 43, "brand": "Mast &amp; Harbour"}]}</body>
</html>
<html>
  <body>{"responseCode": 200, "products": [{"id": 1, "name": "Blue Top", "price": "Rs. 500", "brand": "Polo", "category": {"usertype": {"usertype": "Women"}, "category": "Tops"}}, {"id": 5, "name": "Winter Top", "price": "Rs. 600", "brand": "Mast &amp; Harbour", "category": {"usertype": {"usertype": "Women"}, "category": "Tops"}}, {"id": 6, "name": "Summer White Top", "price": "Rs. 400", "brand": "H&amp;M", "category": {"usertype": {"usertype": "Women"}, "category": "Tops"}}, {"id": 7, "name": "Madame Top For Women", "price": "Rs. 1000", "brand": "Madame", "category": {"usertype": {"usertype": "Women"}, "category": "Tops"}}, {"id": 8, "name": "Fancy Green Top", "price": "Rs. 700", "brand": "Polo", "category": {"usertype": {"usertype": "Women"}, "category": "Tops"}}, {"id": 11, "name": "Sleeves Printed Top - White", "price": "Rs. 499", "brand": "Babyhug", "category": {"usertype": {"usertype": "Kids"}, "category": "Tops &amp; Shirts"}}, {"id": 12, "name": "Half Sleeves Top Schiffli Detailing - Pink", "price": "Rs. 359", "brand": "Babyhug", "category": {"usertype": {"usertype": "Kids"}, "category": "Tops &amp; Shirts"}}, {"id": 13, "name": "Frozen Tops For Kids", "price": "Rs. 278", "brand": "Allen Solly Junior", "category": {"usertype": {"usertype": "Kids"}, "category": "Tops &amp; Shirts"}}, {"id": 14, "name": "Full Sleeves Top Cherry - Pink", "price": "Rs. 679", "brand": "Kookie Kids", "category": {"usertype": {"usertype": "Kids"}, "category": "Tops &amp; Shirts"}}, {"id": 15, "name": "Printed Off Shoulder Top - White", "price": "Rs. 315", "brand": "Babyhug", "category": {"usertype": {"usertype": "Kids"}, "category": "Tops &amp; Shirts"}}, {"id": 16, "name": "Sleeves Top and Short - Blue &amp; Pink", "price": "Rs. 478", "brand": "Babyhug", "category": {"usertype": {"usertype": "Kids"}, "category": "Dress"}}, {"id": 18, "name": "Little Girls Mr. Panda Shirt", "price": "Rs. 1200", "brand": "Kookie Kids", "category": {"usertype": {"usertype": "Kids"}, "category": "Tops &amp; Shirts"}}, {"id": 24, "name": "Colour Blocked Shirt \u2013 Sky Blue", "price": "Rs. 849", "brand": "Allen Solly Junior", "category": {"usertype": {"usertype": "Kids"}, "category": "Tops &amp; Shirts"}}, {"id": 42, "name": "Lace Top For Women", "price": "Rs. 1400", "brand": "Mast &amp; Harbour", "category": {"usertype": {"usertype": "Women"}, "category": "Tops"}}]}</body>
</html>
]]></system-out>
    <system-err><![CDATA[SLF4J(W): No SLF4J providers were found.
SLF4J(W): Defaulting to no-operation (NOP) logger implementation
SLF4J(W): See https://www.slf4j.org/codes.html#noProviders for further details.
]]></system-err>
  </testcase>
  <testcase name="testGetAllBarands" classname="testcases.TestCase03" time="2.47"/>
  <testcase name="testCreateUser" classname="testcases.TestCase11" time="2.47"/>
  <testcase name="testPostSearchproduct" classname="testcases.TestCase05" time="2.471"/>
  <testcase name="testPostAllProducts" classname="testcases.TestCase02" time="2.471"/>
  <testcase name="testPostLoginonlypassword" classname="testcases.TestCase08" time="1.146">
    <system-out><![CDATA[<html>
  <body>{"responseCode": 400, "message": "Bad request, email or password parameter is missing in POST request."}</body>
</html>
<html>
  <body>{"responseCode": 405, "message": "This request method is not supported."}</body>
</html>
]]></system-out>
  </testcase>
  <testcase name="testGetAllBarands" classname="testcases.TestCase04" time="1.147"/>
  <testcase name="testPostSearchproductWithoutParameter" classname="testcases.TestCase06" time="0.029">
    <system-out><![CDATA[<html>
  <body>{"responseCode": 400, "message": "Bad request, search_product parameter is missing in POST request."}</body>
</html>
]]></system-out>
  </testcase>
  <testcase name="testUpdateUser" classname="testcases.TestCase13" time="0.156">
    <system-out><![CDATA[<html>
  <body>{"responseCode": 200, "message": "User updated!"}</body>
</html>
]]></system-out>
  </testcase>
  <testcase name="testGetAllProducts" classname="testcases.TestCase01" time="0.073">
    <system-out><![CDATA[<html>
  <body>{"responseCode": 200, "products": [{"id": 1, "name": "Blue Top", "price": "Rs. 500", "brand": "Polo", "category": {"usertype": {"usertype": "Women"}, "category": "Tops"}}, {"id": 2, "name": "Men Tshirt", "price": "Rs. 400", "brand": "H&amp;M", "category": {"usertype": {"usertype": "Men"}, "category": "Tshirts"}}, {"id": 3, "name": "Sleeveless Dress", "price": "Rs. 1000", "brand": "Madame", "category": {"usertype": {"usertype": "Women"}, "category": "Dress"}}, {"id": 4, "name": "Stylish Dress", "price": "Rs. 1500", "brand": "Madame", "category": {"usertype": {"usertype": "Women"}, "category": "Dress"}}, {"id": 5, "name": "Winter Top", "price": "Rs. 600", "brand": "Mast &amp; Harbour", "category": {"usertype": {"usertype": "Women"}, "category": "Tops"}}, {"id": 6, "name": "Summer White Top", "price": "Rs. 400", "brand": "H&amp;M", "category": {"usertype": {"usertype": "Women"}, "category": "Tops"}}, {"id": 7, "name": "Madame Top For Women", "price": "Rs. 1000", "brand": "Madame", "category": {"usertype": {"usertype": "Women"}, "category": "Tops"}}, {"id": 8, "name": "Fancy Green Top", "price": "Rs. 700", "brand": "Polo", "category": {"usertype": {"usertype": "Women"}, "category": "Tops"}}, {"id": 11, "name": "Sleeves Printed Top - White", "price": "Rs. 499", "brand": "Babyhug", "category": {"usertype": {"usertype": "Kids"}, "category": "Tops &amp; Shirts"}}, {"id": 12, "name": "Half Sleeves Top Schiffli Detailing - Pink", "price": "Rs. 359", "brand": "Babyhug", "category": {"usertype": {"usertype": "Kids"}, "category": "Tops &amp; Shirts"}}, {"id": 13, "name": "Frozen Tops For Kids", "price": "Rs. 278", "brand": "Allen Solly Junior", "category": {"usertype": {"usertype": "Kids"}, "category": "Tops &amp; Shirts"}}, {"id": 14, "name": "Full Sleeves Top Cherry - Pink", "price": "Rs. 679", "brand": "Kookie Kids", "category": {"usertype": {"usertype": "Kids"}, "category": "Tops &amp; Shirts"}}, {"id": 15, "name": "Printed Off Shoulder Top - White", "price": "Rs. 315", "brand": "Babyhug", "category": {"usertype": {"usertype": "Kids"}, "category": "Tops &amp; Shirts"}}, {"id": 16, "name": "Sleeves Top and Short - Blue &amp; Pink", "price": "Rs. 478", "brand": "Babyhug", "category": {"usertype": {"usertype": "Kids"}, "category": "Dress"}}, {"id": 18, "name": "Little Girls Mr. Panda Shirt", "price": "Rs. 1200", "brand": "Kookie Kids", "category": {"usertype": {"usertype": "Kids"}, "category": "Tops &amp; Shirts"}}, {"id": 19, "name": "Sleeveless Unicorn Patch Gown - Pink", "price": "Rs. 1050", "brand": "Allen Solly Junior", "category": {"usertype": {"usertype": "Kids"}, "category": "Dress"}}, {"id": 20, "name": "Cotton Mull Embroidered Dress", "price": "Rs. 1190", "brand": "Kookie Kids", "category": {"usertype": {"usertype": "Kids"}, "category": "Dress"}}, {"id": 21, "name": "Blue Cotton Indie Mickey Dress", "price": "Rs. 1530", "brand": "Biba", "category": {"usertype": {"usertype": "Kids"}, "category": "Dress"}}, {"id": 22, "name": "Long Maxi Tulle Fancy Dress Up Outfits -Pink", "price": "Rs. 1600", "brand": "Biba", "category": {"usertype": {"usertype": "Kids"}, "category": "Dress"}}, {"id": 23, "name": "Sleeveless Unicorn Print Fit &amp; Flare Net Dress - Multi", "price": "Rs. 1100", "brand": "Biba", "category": {"usertype": {"usertype": "Kids"}, "category": "Dress"}}, {"id": 24, "name": "Colour Blocked Shirt \u2013 Sky Blue", "price": "Rs. 849", "brand": "Allen Solly Junior", "category": {"usertype": {"usertype": "Kids"}, "category": "Tops &amp; Shirts"}}, {"id": 28, "name": "Pure Cotton V-Neck T-Shirt", "price": "Rs. 1299", "brand": "H&amp;M", "category": {"usertype": {"usertype": "Men"}, "category": "Tshirts"}}, {"id": 29, "name": "Green Side Placket Detail T-Shirt", "price": "Rs. 1000", "brand": "Polo", "category": {"usertype": {"usertype": "Men"}, "category": "Tshirts"}}, {"id": 30, "name": "Premium Polo T-Shirts", "price": "Rs. 1500", "brand": "Polo", "category": {"usertype": {"usertype": "Men"}, "category": "Tshirts"}}, {"id": 31, "name": "Pure Cotton Neon Green Tshirt", "price": "Rs. 850", "brand": "H&amp;M", "category": {"usertype": {"usertype": "Men"}, "category": "Tshirts"}}, {"id": 33, "name": "Soft Stretch Jeans", "price": "Rs. 799", "brand": "Polo", "category": {"usertype": {"usertype": "Men"}, "category": "Jeans"}}, {"id": 35, "name": "Regular Fit Straight Jeans", "price": "Rs. 1200", "brand": "H&amp;M", "category": {"usertype": {"usertype": "Men"}, "category": "Jeans"}}, {"id": 37, "name": "Grunt Blue Slim Fit Jeans", "price": "Rs. 1400", "brand": "Polo", "category": {"usertype": {"usertype": "Men"}, "category": "Jeans"}}, {"id": 38, "name": "Rose Pink Embroidered Maxi Dress", "price": "Rs. 2300", "brand": "Madame", "category": {"usertype": {"usertype": "Women"}, "category": "Dress"}}, {"id": 39, "name": "Cotton Silk Hand Block Print Saree", "price": "Rs. 3000", "brand": "Biba", "category": {"usertype": {"usertype": "Women"}, "category": "Saree"}}, {"id": 40, "name": "Rust Red Linen Saree", "price": "Rs. 3500", "brand": "Biba", "category": {"usertype": {"usertype": "Women"}, "category": "Saree"}}, {"id": 41, "name": "Beautiful Peacock Blue Cotton Linen Saree", "price": "Rs. 5000", "brand": "Madame", "category": {"usertype": {"usertype": "Women"}, "category": "Saree"}}, {"id": 42, "name": "Lace Top For Women", "price": "Rs. 1400", "brand": "Mast &amp; Harbour", "category": {"usertype": {"usertype": "Women"}, "category": "Tops"}}, {"id": 43, "name": "GRAPHIC DESIGN MEN T SHIRT - BLUE", "price": "Rs. 1389", "brand": "Mast &amp; Harbour", "category": {"usertype": {"usertype": "Men"}, "category": "Tshirts"}}]}</body>
</html>
]]></system-out>
  </testcase>
  <testcase name="testDeleteLogin" classname="testcases.TestCase09" time="0.769">
    <system-out><![CDATA[<html>
  <body>{"responseCode": 405, "message": "This request method is not supported."}</body>
</html>
]]></system-out>
  </testcase>
  <testcase name="testDeleteUser" classname="testcases.TestCase12" time="0.46">
    <system-out><![CDATA[<html>
  <body>{"responseCode": 200, "message": "Account deleted!"}</body>
</html>
]]></system-out>
  </testcase>
  <testcase name="testUserDetailsByEmail" classname="testcases.TestCase14" time="0.564">
    <system-out><![CDATA[<html>
  <body>{"responseCode": 200, "user": {"id": 620781, "name": "john", "email": "john007@gmail.com", "title": "", "birth_day": "", "birth_month": "", "birth_year": "", "first_name": "dsc", "last_name": "sa", "company": "", "address1": "s", "address2": "", "country": "India", "state": "s", "city": "sa", "zipcode": "as"}}</body>
</html>
]]></system-out>
  </testcase>
  <testcase name="testPostLoginInValidDetails" classname="testcases.TestCase10" time="1.252">
    <system-out><![CDATA[<html>
  <body>{"responseCode": 404, "message": "User not found!"}</body>
</html>
]]></system-out>
  </testcase>
</testsuite>